2011-09-06 19:44:04 Debug: Notice (1024): Please change the value of 'Security.salt' in app/config/core.php to a salt value specific to your application in [C:\wamp\www\unzipp\cake\libs\debugger.php, line 694]
2011-09-06 19:44:04 Debug: Notice (1024): Please change the value of 'Security.cipherSeed' in app/config/core.php to a numeric (digits only) seed value specific to your application in [C:\wamp\www\unzipp\cake\libs\debugger.php, line 698]
2011-09-06 19:44:48 Debug: Notice (1024): Please change the value of 'Security.salt' in app/config/core.php to a salt value specific to your application in [C:\wamp\www\unzipp\cake\libs\debugger.php, line 694]
2011-09-06 19:44:48 Debug: Notice (1024): Please change the value of 'Security.cipherSeed' in app/config/core.php to a numeric (digits only) seed value specific to your application in [C:\wamp\www\unzipp\cake\libs\debugger.php, line 698]
2011-09-06 19:46:01 Debug: Notice (1024): Please change the value of 'Security.salt' in app/config/core.php to a salt value specific to your application in [C:\wamp\www\unzipp\cake\libs\debugger.php, line 694]
2011-09-06 19:46:01 Debug: Notice (1024): Please change the value of 'Security.cipherSeed' in app/config/core.php to a numeric (digits only) seed value specific to your application in [C:\wamp\www\unzipp\cake\libs\debugger.php, line 698]
2011-09-06 19:46:48 Debug: Notice (1024): Please change the value of 'Security.salt' in app/config/core.php to a salt value specific to your application in [C:\wamp\www\unzipp\cake\libs\debugger.php, line 694]
2011-09-06 19:46:48 Debug: Notice (1024): Please change the value of 'Security.cipherSeed' in app/config/core.php to a numeric (digits only) seed value specific to your application in [C:\wamp\www\unzipp\cake\libs\debugger.php, line 698]
2011-09-06 19:47:52 Debug: Notice (1024): Please change the value of 'Security.salt' in app/config/core.php to a salt value specific to your application in [C:\wamp\www\unzipp\cake\libs\debugger.php, line 694]
2011-09-06 19:47:52 Debug: Notice (1024): Please change the value of 'Security.cipherSeed' in app/config/core.php to a numeric (digits only) seed value specific to your application in [C:\wamp\www\unzipp\cake\libs\debugger.php, line 698]
2011-09-06 20:01:35 Debug: Notice (8): Undefined variable: fieldName in [C:\wamp\www\unzipp\cake\libs\view\helpers\form.php, line 1138]
2011-09-06 20:02:21 Debug: Notice (8): Undefined variable: form in [C:\wamp\www\unzipp\app\views\pages\home.ctp, line 6]
2011-09-07 15:52:48 Debug: Notice (8): Undefined variable: session in [C:\wamp\www\unzipp\app\views\layouts\default.ctp, line 13]
2011-09-07 16:04:43 Debug: Notice (8): Undefined index: pass in [C:\wamp\www\unzipp\app\controllers\users_controller.php, line 28]
2011-09-07 16:05:08 Debug: Notice (8): Undefined index: pass in [C:\wamp\www\unzipp\app\controllers\users_controller.php, line 28]
2011-09-07 16:06:02 Debug: Notice (8): Undefined index: pass in [C:\wamp\www\unzipp\app\controllers\users_controller.php, line 28]
2011-09-08 08:27:30 Debug: Notice (8): Undefined variable: ZippedFile in [C:\wamp\www\unzipp\app\controllers\zip_dirs_controller.php, line 21]
2011-09-08 08:27:31 Debug: Notice (8): Undefined index:  in [C:\wamp\www\unzipp\app\controllers\components\upload_file.php, line 39]
2011-09-08 08:27:31 Debug: Notice (8): Undefined variable: result in [C:\wamp\www\unzipp\app\controllers\components\upload_file.php, line 139]
2011-09-08 08:48:34 Debug: Notice (8): Undefined variable: countFiiles in [C:\wamp\www\unzipp\app\controllers\zip_dirs_controller.php, line 38]
2011-09-08 08:48:34 Debug: Notice (8): Undefined property: ZipDirsController::$ZippDir in [C:\wamp\www\unzipp\app\controllers\zip_dirs_controller.php, line 49]
2011-09-08 08:49:15 Debug: Notice (8): Undefined variable: countFiiles in [C:\wamp\www\unzipp\app\controllers\zip_dirs_controller.php, line 37]
2011-09-08 08:49:15 Debug: Notice (8): Undefined property: ZipDirsController::$ZippDir in [C:\wamp\www\unzipp\app\controllers\zip_dirs_controller.php, line 49]
2011-09-08 08:49:54 Debug: Notice (8): Undefined variable: countFiiles in [C:\wamp\www\unzipp\app\controllers\zip_dirs_controller.php, line 37]
2011-09-08 08:49:54 Debug: Notice (8): Array to string conversion in [C:\wamp\www\unzipp\cake\libs\model\datasources\dbo_source.php, line 749]
2011-09-08 08:50:33 Debug: Notice (8): Undefined variable: countFiiles in [C:\wamp\www\unzipp\app\controllers\zip_dirs_controller.php, line 37]
2011-09-08 08:50:33 Debug: Notice (8): Array to string conversion in [C:\wamp\www\unzipp\cake\libs\model\datasources\dbo_source.php, line 749]
2011-09-08 08:51:14 Debug: Notice (8): Undefined variable: countFiiles in [C:\wamp\www\unzipp\app\controllers\zip_dirs_controller.php, line 37]
2011-09-08 08:51:14 Debug: Notice (8): Array to string conversion in [C:\wamp\www\unzipp\cake\libs\model\datasources\dbo_source.php, line 749]
2011-09-08 08:51:58 Debug: Notice (8): Undefined variable: countFiiles in [C:\wamp\www\unzipp\app\controllers\zip_dirs_controller.php, line 37]
2011-09-08 08:51:58 Debug: Notice (8): Array to string conversion in [C:\wamp\www\unzipp\cake\libs\model\datasources\dbo_source.php, line 749]
2011-09-08 08:52:40 Debug: Notice (8): Array to string conversion in [C:\wamp\www\unzipp\cake\libs\model\datasources\dbo_source.php, line 749]
2011-09-09 07:35:53 Debug: Notice (8): Undefined property: ZipDirsController::$Extract in [C:\wamp\www\unzipp\app\controllers\zip_dirs_controller.php, line 105]
2011-09-09 07:37:45 Debug: Notice (8): Undefined property: ZipDirsController::$Extract in [C:\wamp\www\unzipp\app\controllers\zip_dirs_controller.php, line 105]
2011-09-09 07:45:35 Debug: Notice (8): Undefined variable: extr in [C:\wamp\www\unzipp\app\controllers\zip_dirs_controller.php, line 104]
2011-09-09 07:45:41 Debug: Notice (8): Undefined variable: extr in [C:\wamp\www\unzipp\app\controllers\zip_dirs_controller.php, line 104]
2011-09-09 07:45:45 Debug: Notice (8): Undefined variable: extr in [C:\wamp\www\unzipp\app\controllers\zip_dirs_controller.php, line 104]
2011-09-09 07:56:06 Debug: Notice (8): Array to string conversion in [C:\wamp\www\unzipp\cake\libs\model\datasources\dbo_source.php, line 749]
2011-09-09 07:57:59 Debug: Notice (8): Array to string conversion in [C:\wamp\www\unzipp\cake\libs\model\datasources\dbo_source.php, line 749]
2011-09-09 08:04:19 Debug: Notice (8): Undefined variable: extr in [C:\wamp\www\unzipp\app\controllers\zip_dirs_controller.php, line 104]
2011-09-09 08:06:21 Debug: Notice (8): Undefined property: ZipDir::$Extract in [C:\wamp\www\unzipp\app\controllers\zip_dirs_controller.php, line 105]
2011-09-09 08:08:04 Debug: Notice (8): Array to string conversion in [C:\wamp\www\unzipp\cake\libs\model\datasources\dbo_source.php, line 749]
2011-09-09 08:10:30 Debug: Notice (8): Undefined variable: extr in [C:\wamp\www\unzipp\app\controllers\zip_dirs_controller.php, line 104]
2011-09-09 08:10:40 Debug: Notice (8): Undefined index: url in [C:\wamp\www\unzipp\app\controllers\zip_dirs_controller.php, line 21]
2011-09-09 08:10:40 Debug: Notice (8): Undefined index: name in [C:\wamp\www\unzipp\app\controllers\zip_dirs_controller.php, line 22]
2011-09-09 08:10:40 Debug: Notice (8): Undefined index: filetype in [C:\wamp\www\unzipp\app\controllers\zip_dirs_controller.php, line 23]
2011-09-09 08:11:09 Debug: Notice (8): Array to string conversion in [C:\wamp\www\unzipp\cake\libs\model\datasources\dbo_source.php, line 749]
2011-09-09 08:12:36 Debug: Notice (8): Array to string conversion in [C:\wamp\www\unzipp\cake\libs\model\datasources\dbo_source.php, line 749]
2011-09-09 08:32:43 Debug: Notice (8): Undefined variable: extr in [C:\wamp\www\unzipp\app\controllers\zip_dirs_controller.php, line 108]
2011-09-09 08:45:11 Debug: Notice (8): Undefined index: url in [C:\wamp\www\unzipp\app\controllers\zip_dirs_controller.php, line 21]
2011-09-09 08:45:11 Debug: Notice (8): Undefined index: name in [C:\wamp\www\unzipp\app\controllers\zip_dirs_controller.php, line 22]
2011-09-09 08:45:11 Debug: Notice (8): Undefined index: filetype in [C:\wamp\www\unzipp\app\controllers\zip_dirs_controller.php, line 23]
2011-09-09 08:46:12 Debug: Notice (8): Undefined variable: extr in [C:\wamp\www\unzipp\app\controllers\zip_dirs_controller.php, line 104]
2011-09-09 08:52:16 Debug: Notice (8): Undefined variable: extr in [C:\wamp\www\unzipp\app\controllers\zip_dirs_controller.php, line 104]
2011-09-09 09:01:41 Debug: Notice (8): Undefined variable: extr in [C:\wamp\www\unzipp\app\controllers\zip_dirs_controller.php, line 106]
2011-09-10 14:14:39 Notice: Notice (8): Undefined variable: extr in [/hermes/bosweb/web287/b2870/ipw.vetincappcom/public_html/veta/unzipp/app/controllers/zip_dirs_controller.php, line 87]
2011-09-11 18:25:58 Notice: Notice (8): Undefined variable: extr in [/hermes/bosweb/web287/b2870/ipw.vetincappcom/public_html/veta/unzipp/app/controllers/zip_dirs_controller.php, line 94]
