2011-09-06 20:01:15 Warning: Warning (512): Method HtmlHelper::form does not exist in [C:\wamp\www\unzipp\cake\libs\view\helper.php, line 154]
2011-09-06 20:01:35 Warning: Warning (512): Method HtmlHelper::form does not exist in [C:\wamp\www\unzipp\cake\libs\view\helper.php, line 154]
2011-09-06 20:01:35 Warning: Warning (2): Missing argument 1 for FormHelper::text(), called in C:\wamp\www\unzipp\app\views\pages\home.ctp on line 6 and defined in [C:\wamp\www\unzipp\cake\libs\view\helpers\form.php, line 1137]
2011-09-06 20:01:48 Warning: Warning (512): Method HtmlHelper::form does not exist in [C:\wamp\www\unzipp\cake\libs\view\helper.php, line 154]
2011-09-06 20:02:21 Warning: Warning (512): Method HtmlHelper::form does not exist in [C:\wamp\www\unzipp\cake\libs\view\helper.php, line 154]
2011-09-06 20:10:01 Warning: Warning (512): Method FormHelper::legend does not exist in [C:\wamp\www\unzipp\cake\libs\view\helper.php, line 154]
2011-09-08 08:27:31 Warning: Warning (2): Invalid argument supplied for foreach() in [C:\wamp\www\unzipp\app\controllers\components\upload_file.php, line 39]
2011-09-08 08:49:54 Warning: Warning (512): <span style="color:Red;text-align:left"><b>SQL Error:</b> 1054: Unknown column 'Array' in 'field list'</span> in [C:\wamp\www\unzipp\cake\libs\model\datasources\dbo_source.php, line 684]
2011-09-08 08:50:33 Warning: Warning (512): <span style="color:Red;text-align:left"><b>SQL Error:</b> 1054: Unknown column 'Array' in 'field list'</span> in [C:\wamp\www\unzipp\cake\libs\model\datasources\dbo_source.php, line 684]
2011-09-08 08:51:14 Warning: Warning (512): <span style="color:Red;text-align:left"><b>SQL Error:</b> 1054: Unknown column 'Array' in 'field list'</span> in [C:\wamp\www\unzipp\cake\libs\model\datasources\dbo_source.php, line 684]
2011-09-08 08:51:58 Warning: Warning (512): <span style="color:Red;text-align:left"><b>SQL Error:</b> 1054: Unknown column 'Array' in 'field list'</span> in [C:\wamp\www\unzipp\cake\libs\model\datasources\dbo_source.php, line 684]
2011-09-08 08:52:40 Warning: Warning (512): <span style="color:Red;text-align:left"><b>SQL Error:</b> 1054: Unknown column 'Array' in 'field list'</span> in [C:\wamp\www\unzipp\cake\libs\model\datasources\dbo_source.php, line 684]
2011-09-08 10:34:47 Warning: Warning (2): unlink(zips/1/2011-09-08-103447abdpDB.zip) [<a href='http://php.net/function.unlink'>function.unlink</a>]: No such file or directory in [C:\wamp\www\unzipp\app\controllers\components\upload_file.php, line 82]
2011-09-08 10:34:47 Warning: Warning (512): <span style="color:Red;text-align:left"><b>SQL Error:</b> 1062: Duplicate entry 'abdpDB.zip' for key 'filename'</span> in [C:\wamp\www\unzipp\cake\libs\model\datasources\dbo_source.php, line 684]
2011-09-08 10:35:56 Warning: Warning (2): unlink(zips/1/2011-09-08-103556abdpDB.zip) [<a href='http://php.net/function.unlink'>function.unlink</a>]: No such file or directory in [C:\wamp\www\unzipp\app\controllers\components\upload_file.php, line 82]
2011-09-08 10:35:56 Warning: Warning (512): <span style="color:Red;text-align:left"><b>SQL Error:</b> 1062: Duplicate entry 'abdpDB.zip' for key 'filename'</span> in [C:\wamp\www\unzipp\cake\libs\model\datasources\dbo_source.php, line 684]
2011-09-08 10:36:31 Warning: Warning (2): unlink(zips/1/2011-09-08-103631abdpDB.zip) [<a href='http://php.net/function.unlink'>function.unlink</a>]: No such file or directory in [C:\wamp\www\unzipp\app\controllers\components\upload_file.php, line 82]
2011-09-08 10:36:31 Warning: Warning (512): <span style="color:Red;text-align:left"><b>SQL Error:</b> 1062: Duplicate entry 'abdpDB.zip' for key 'filename'</span> in [C:\wamp\www\unzipp\cake\libs\model\datasources\dbo_source.php, line 684]
2011-09-08 10:37:55 Warning: Warning (512): <span style="color:Red;text-align:left"><b>SQL Error:</b> 1062: Duplicate entry 'abdpDB.zip' for key 'filename'</span> in [C:\wamp\www\unzipp\cake\libs\model\datasources\dbo_source.php, line 684]
2011-09-08 10:40:29 Warning: Warning (512): <span style="color:Red;text-align:left"><b>SQL Error:</b> 1062: Duplicate entry 'abdpDB.zip' for key 'filename'</span> in [C:\wamp\www\unzipp\cake\libs\model\datasources\dbo_source.php, line 684]
2011-09-08 10:40:41 Warning: Warning (512): <span style="color:Red;text-align:left"><b>SQL Error:</b> 1062: Duplicate entry 'abdpDB.zip' for key 'filename'</span> in [C:\wamp\www\unzipp\cake\libs\model\datasources\dbo_source.php, line 684]
2011-09-09 05:27:32 Warning: Warning (2): ZipArchive::extractTo() [<a href='http://php.net/ziparchive.extractto'>ziparchive.extractto</a>]: Invalid or unitialized Zip object in [C:\wamp\www\unzipp\app\controllers\zip_dirs_controller.php, line 73]
2011-09-09 05:27:32 Warning: Warning (2): ZipArchive::close() [<a href='http://php.net/ziparchive.close'>ziparchive.close</a>]: Invalid or unitialized Zip object in [C:\wamp\www\unzipp\app\controllers\zip_dirs_controller.php, line 75]
2011-09-09 05:39:08 Warning: Warning (2): substr() expects parameter 2 to be long, string given in [C:\wamp\www\unzipp\app\controllers\zip_dirs_controller.php, line 70]
2011-09-09 07:45:35 Warning: Warning (2): ZipArchive::extractTo() [<a href='http://php.net/ziparchive.extractto'>ziparchive.extractto</a>]: Invalid or unitialized Zip object in [C:\wamp\www\unzipp\app\controllers\zip_dirs_controller.php, line 63]
2011-09-09 07:45:35 Warning: Warning (2): ZipArchive::close() [<a href='http://php.net/ziparchive.close'>ziparchive.close</a>]: Invalid or unitialized Zip object in [C:\wamp\www\unzipp\app\controllers\zip_dirs_controller.php, line 65]
2011-09-09 07:45:41 Warning: Warning (2): ZipArchive::extractTo() [<a href='http://php.net/ziparchive.extractto'>ziparchive.extractto</a>]: Invalid or unitialized Zip object in [C:\wamp\www\unzipp\app\controllers\zip_dirs_controller.php, line 63]
2011-09-09 07:45:41 Warning: Warning (2): ZipArchive::close() [<a href='http://php.net/ziparchive.close'>ziparchive.close</a>]: Invalid or unitialized Zip object in [C:\wamp\www\unzipp\app\controllers\zip_dirs_controller.php, line 65]
2011-09-09 07:45:45 Warning: Warning (2): ZipArchive::extractTo() [<a href='http://php.net/ziparchive.extractto'>ziparchive.extractto</a>]: Invalid or unitialized Zip object in [C:\wamp\www\unzipp\app\controllers\zip_dirs_controller.php, line 63]
2011-09-09 07:45:45 Warning: Warning (2): ZipArchive::close() [<a href='http://php.net/ziparchive.close'>ziparchive.close</a>]: Invalid or unitialized Zip object in [C:\wamp\www\unzipp\app\controllers\zip_dirs_controller.php, line 65]
2011-09-09 07:56:06 Warning: Warning (512): <span style="color:Red;text-align:left"><b>SQL Error:</b> 1054: Unknown column 'Array' in 'field list'</span> in [C:\wamp\www\unzipp\cake\libs\model\datasources\dbo_source.php, line 684]
2011-09-09 07:57:59 Warning: Warning (512): <span style="color:Red;text-align:left"><b>SQL Error:</b> 1054: Unknown column 'Array' in 'field list'</span> in [C:\wamp\www\unzipp\cake\libs\model\datasources\dbo_source.php, line 684]
2011-09-09 08:04:19 Warning: Warning (2): ZipArchive::extractTo() [<a href='http://php.net/ziparchive.extractto'>ziparchive.extractto</a>]: Invalid or unitialized Zip object in [C:\wamp\www\unzipp\app\controllers\zip_dirs_controller.php, line 63]
2011-09-09 08:04:19 Warning: Warning (2): ZipArchive::close() [<a href='http://php.net/ziparchive.close'>ziparchive.close</a>]: Invalid or unitialized Zip object in [C:\wamp\www\unzipp\app\controllers\zip_dirs_controller.php, line 65]
2011-09-09 08:08:04 Warning: Warning (512): <span style="color:Red;text-align:left"><b>SQL Error:</b> 1054: Unknown column 'Array' in 'field list'</span> in [C:\wamp\www\unzipp\cake\libs\model\datasources\dbo_source.php, line 684]
2011-09-09 08:10:30 Warning: Warning (2): ZipArchive::extractTo() [<a href='http://php.net/ziparchive.extractto'>ziparchive.extractto</a>]: Invalid or unitialized Zip object in [C:\wamp\www\unzipp\app\controllers\zip_dirs_controller.php, line 63]
2011-09-09 08:10:30 Warning: Warning (2): ZipArchive::close() [<a href='http://php.net/ziparchive.close'>ziparchive.close</a>]: Invalid or unitialized Zip object in [C:\wamp\www\unzipp\app\controllers\zip_dirs_controller.php, line 65]
2011-09-09 08:11:09 Warning: Warning (512): <span style="color:Red;text-align:left"><b>SQL Error:</b> 1054: Unknown column 'Array' in 'field list'</span> in [C:\wamp\www\unzipp\cake\libs\model\datasources\dbo_source.php, line 684]
2011-09-09 08:12:36 Warning: Warning (512): <span style="color:Red;text-align:left"><b>SQL Error:</b> 1054: Unknown column 'Array' in 'field list'</span> in [C:\wamp\www\unzipp\cake\libs\model\datasources\dbo_source.php, line 684]
2011-09-09 08:45:36 Warning: Warning (512): <span style="color:Red;text-align:left"><b>SQL Error:</b> 1062: Duplicate entry 'abdpDB.zip' for key 'filename'</span> in [C:\wamp\www\unzipp\cake\libs\model\datasources\dbo_source.php, line 684]
2011-09-10 13:35:41 Warning: Warning (2): require(cake/libs/model/datasources/datasource.php) [<a href='http://php.net/function.require'>function.require</a>]: failed to open stream: No such file or directory in [/hermes/bosweb/web287/b2870/ipw.vetincappcom/public_html/veta/unzipp/cake/libs/model/connection_manager.php, line 22]
2011-09-10 13:43:34 Error: Fatal Error (256): ConnectionManager::loadDataSource - Unable to import DataSource class .DboMysql in [/hermes/bosweb/web287/b2870/ipw.vetincappcom/public_html/veta/unzipp/cake/libs/model/connection_manager.php, line 185]
2011-09-10 13:55:43 Warning: Warning (2): mysql_connect() [<a href='http://php.net/function.mysql-connect'>function.mysql-connect</a>]: Lost connection to MySQL server at 'reading initial communication packet', system error: 111 in [/hermes/bosweb/web287/b2870/ipw.vetincappcom/public_html/veta/unzipp/cake/libs/model/datasources/dbo/dbo_mysql.php, line 561]
2011-09-10 13:55:43 Warning: Warning (2): mysql_query(): supplied argument is not a valid MySQL-Link resource in [/hermes/bosweb/web287/b2870/ipw.vetincappcom/public_html/veta/unzipp/cake/libs/model/datasources/dbo/dbo_mysql.php, line 613]
2011-09-10 13:55:43 Warning: Warning (2): Cannot modify header information - headers already sent by (output started at /hermes/bosweb/web287/b2870/ipw.vetincappcom/public_html/veta/unzipp/cake/libs/debugger.php:683) in [/hermes/bosweb/web287/b2870/ipw.vetincappcom/public_html/veta/unzipp/cake/libs/controller/controller.php, line 742]
2011-09-11 18:25:58 Warning: Warning (2): Cannot modify header information - headers already sent by (output started at /hermes/bosweb/web287/b2870/ipw.vetincappcom/public_html/veta/unzipp/cake/basics.php:110) in [/hermes/bosweb/web287/b2870/ipw.vetincappcom/public_html/veta/unzipp/cake/libs/controller/controller.php, line 742]
